INFO: Cleaning r2dec
INFO: Using r2-6.1.4 and r2pm-6.1.4
INFO: Cleaning r2dec
INFO: git clone --depth=1 --recursive -c core.autocrlf=input "https://github.com/wargio/r2dec-js" "/Users/jordan/.local/share/radare2/r2pm/git/r2dec"
Cloning into '/Users/jordan/.local/share/radare2/r2pm/git/r2dec'...
INFO: Starting install for r2dec
INFO: R2PM_NEEDS: Found gcc in PATH
INFO: R2PM_NEEDS: Found make in PATH
INFO: R2PM_NEEDS: Found ninja in PATH
INFO: R2PM_NEEDS: Found meson in PATH
INFO: SCRIPT=<<EOF
INFO: 	meson setup -Dr2_plugdir=${R2PM_PLUGDIR} b --backend=ninja --wipe || exit 1
	ninja -C b || exit 1
	ninja -C b install || exit 1
INFO: EOF
Cloning into 'libquickjs'...
The Meson build system
Version: 1.10.2
Source dir: /Users/jordan/.local/share/radare2/r2pm/git/r2dec
Build dir: /Users/jordan/.local/share/radare2/r2pm/git/r2dec/b
Build type: native build
Project name: r2dec
Project version: undefined
C compiler for the host machine: cc (clang 17.0.0 "Apple clang version 17.0.0 (clang-1700.6.4.2)")
C linker for the host machine: cc ld64 1230.1
Host machine cpu family: aarch64
Host machine cpu: aarch64

Executing subproject libquickjs 

libquickjs| Project name: quickjs-ng
libquickjs| Project version: v0.8.0
libquickjs| C compiler for the host machine: cc (clang 17.0.0 "Apple clang version 17.0.0 (clang-1700.6.4.2)")
libquickjs| C linker for the host machine: cc ld64 1230.1
libquickjs| Run-time dependency threads found: YES
libquickjs| Library atomic found: NO
libquickjs| Library dl found: YES
libquickjs| Library m found: YES
libquickjs| Compiler for C supports arguments -fvisibility=hidden: YES
libquickjs| Compiler for C supports arguments -fvisibility-inlines-hidden: YES
libquickjs| Compiler for C supports arguments -Wno-implicit-fallthrough: YES
libquickjs| Compiler for C supports arguments -Wno-sign-compare: YES
libquickjs| Compiler for C supports arguments -Wno-missing-field-initializers: YES
libquickjs| Compiler for C supports arguments -Wno-unused-parameter: YES
libquickjs| Compiler for C supports arguments -Wno-unused-but-set-variable: YES
libquickjs| Compiler for C supports arguments -Wno-array-bounds: YES
libquickjs| Compiler for C supports arguments -Wno-format-truncation: YES
libquickjs| Compiler for C supports arguments -Wno-format-zero-length: YES
libquickjs| Compiler for C supports arguments -funsigned-char: YES
libquickjs| Build targets in project: 1
libquickjs| Subproject libquickjs finished.

Program radare2 found: YES (/opt/homebrew/Cellar/radare2/6.1.4/bin/radare2)
Library r_core found: YES
Library r_util found: YES
Library r_cons found: YES
Library r_config found: YES
Library r_io found: YES
Library r_lang found: YES
Compiler for C supports arguments -fvisibility=hidden: YES (cached)
Compiler for C supports arguments -fvisibility-inlines-hidden: YES (cached)
Compiler for C supports link arguments -Wl,--exclude-libs,ALL: NO 
Message: radare2 include dir: /opt/homebrew/Cellar/radare2/6.1.4/include/libr
Message: radare2 library dir: /opt/homebrew/Cellar/radare2/6.1.4/lib
Message: radare2 plugin dir:  /Users/jordan/.local/share/radare2/plugins
Build targets in project: 6

r2dec undefined

  Subprojects
    libquickjs: YES

  User defined options
    backend   : ninja
    r2_plugdir: /Users/jordan/.local/share/radare2/plugins

Found ninja-1.13.0.git.kitware.jobserver-pipe-1 at /opt/homebrew/bin/ninja
ninja: Entering directory `b'
[1/16] Compiling C object modjs_gen.p/tools_modjs_gen.c.o
[2/16] Compiling C object qjsc.p/tools_qjsc_mod.c.o
../tools/qjsc_mod.c:444:15: warning: variable 'verbose' set but not used [-Wunused-but-set-variable]
  444 |     int c, i, verbose;
      |               ^
1 warning generated.
[3/16] Linking target modjs_gen
[4/16] Compiling C object subprojects/libquickjs/libquickjs.a.p/cutils.c.o
[5/16] Compiling C object subprojects/libquickjs/libquickjs.a.p/libunicode.c.o
[6/16] Compiling C object subprojects/libquickjs/libquickjs.a.p/libregexp.c.o
[7/16] Compiling C object subprojects/libquickjs/libquickjs.a.p/libbf.c.o
[8/16] Compiling C object subprojects/libquickjs/libquickjs.a.p/quickjs.c.o
[9/16] Linking static target subprojects/libquickjs/libquickjs.a
[10/16] Linking target qjsc
[11/16] Generating js/bytecode.h with a custom command
[12/16] Generating js/bytecode_mod.h with a custom command
[13/16] Compiling C object libcore_pdd.dylib.p/c_base64.c.o
[14/16] Compiling C object libcore_pdd.dylib.p/c_r2dec-plugin.c.o
[15/16] Compiling C object libcore_pdd.dylib.p/c_r2dec.c.o
[16/16] Linking target libcore_pdd.dylib
ninja: Entering directory `b'
[1/5] Generating js/bytecode.h with a custom command
[2/5] Generating js/bytecode_mod.h with a custom command
[3/5] Compiling C object libcore_pdd.dylib.p/c_r2dec.c.o
[4/5] Linking target libcore_pdd.dylib
[4/5] Installing files
Installing libcore_pdd.dylib to /Users/jordan/.local/share/radare2/plugins
r2dec install done rc=0
